#
# A fatal error has been detected by the Java Runtime Environment:
#
#  EXCEPTION_ACCESS_VIOLATION (0xc0000005) at pc=0x000000005147a0a5, pid=4500, tid=0x00000000000025f4
#
# JRE version: Java(TM) SE Runtime Environment (8.0_101-b13) (build 1.8.0_101-b13)
# Java VM: Java HotSpot(TM) 64-Bit Server VM (25.101-b13 mixed mode windows-amd64 compressed oops)
# Problematic frame:
# V  [jvm.dll+0x12a0a5]
#
# Failed to write core dump. Minidumps are not enabled by default on client versions of Windows
#
# If you would like to submit a bug report, please visit:
#   http://bugreport.java.com/bugreport/crash.jsp
#

---------------  T H R E A D  ---------------

Current thread (0x000000001e3ba800):  JavaThread "JDWP Transport Listener: dt_socket" daemon [_thread_in_vm, id=9716, stack(0x000000001eaa0000,0x000000001eba0000)]

siginfo: ExceptionCode=0xc0000005, reading address 0x00000000002a005c

Registers:
RAX=0x000000001eb9f801, RBX=0x000000001e3ba800, RCX=0x00000000002a005c, RDX=0x0000000000000000
RSP=0x000000001eb9f810, RBP=0x00000000002a005c, RSI=0x000000001eb9f928, RDI=0x0000000000b38680
R8 =0x000000001e3ba800, R9 =0x0000000000008000, R10=0x0000000022e8c020, R11=0x00000000268e952e
R12=0x0000000000000000, R13=0x000000001e3afcb8, R14=0x0000000000000000, R15=0x0000000000000000
RIP=0x000000005147a0a5, EFLAGS=0x0000000000010206

Top of Stack: (sp=0x000000001eb9f810)
0x000000001eb9f810:   000000001e3ba800 000000001e3ba800
0x000000001eb9f820:   000000001eb9f8d8 0000000051682f0b
0x000000001eb9f830:   000000001e3ba800 000000005169f76d
0x000000001eb9f840:   0000000000000000 0000000051289155
0x000000001eb9f850:   0000000020e455f8 000000005129291e
0x000000001eb9f860:   000000001e3ba800 0000000000000000
0x000000001eb9f870:   0000000000000000 0000000000000000
0x000000001eb9f880:   00000000002a005c 0000000051291a15
0x000000001eb9f890:   000000001eb9f928 000000001eb9f900
0x000000001eb9f8a0:   0000000000000001 0000000020e455f8
0x000000001eb9f8b0:   00000000002a005c 00000000512753b3
0x000000001eb9f8c0:   000000001eb9f9f0 0000000000000001
0x000000001eb9f8d0:   0000000000000001 0000000020e455f8
0x000000001eb9f8e0:   00000000f0001041 0000000000000000
0x000000001eb9f8f0:   0000000000000000 0000000000000000
0x000000001eb9f900:   0000000000000001 0000000051275571 

Instructions: (pc=0x000000005147a0a5)
0x000000005147a085:   cc cc cc cc cc cc cc cc cc cc cc 48 83 ec 28 48
0x000000005147a095:   85 c9 75 07 33 c0 48 83 c4 28 c3 48 89 5c 24 20
0x000000005147a0a5:   48 8b 19 48 85 db 74 20 48 83 fb 37 74 1a 48 8b
0x000000005147a0b5:   13 48 8b cb ff 52 10 84 c0 74 0d 48 8b c3 48 8b 


Register to memory mapping:

RAX=0x000000001eb9f801 is pointing into the stack for thread: 0x000000001e3ba800
RBX=0x000000001e3ba800 is a thread
RCX=0x00000000002a005c is an unknown value
RDX=0x0000000000000000 is an unknown value
RSP=0x000000001eb9f810 is pointing into the stack for thread: 0x000000001e3ba800
RBP=0x00000000002a005c is an unknown value
RSI=0x000000001eb9f928 is pointing into the stack for thread: 0x000000001e3ba800
RDI=0x0000000000b38680 is an unknown value
R8 =0x000000001e3ba800 is a thread
R9 =0x0000000000008000 is an unknown value
R10=0x0000000022e8c020 is an unknown value
R11=0x00000000268e952e is an unknown value
R12=0x0000000000000000 is an unknown value
R13=0x000000001e3afcb8 is an unknown value
R14=0x0000000000000000 is an unknown value
R15=0x0000000000000000 is an unknown value


Stack: [0x000000001eaa0000,0x000000001eba0000],  sp=0x000000001eb9f810,  free space=1022k
Native frames: (J=compiled Java code, j=interpreted, Vv=VM code, C=native code)
V  [jvm.dll+0x12a0a5]
V  [jvm.dll+0x34f76d]
C  [jdwp.dll+0x21a15]
C  [jdwp.dll+0x53b3]
C  [jdwp.dll+0x5571]
C  [jdwp.dll+0xf0a8]
C  [jdwp.dll+0x1f2d5]
C  [jdwp.dll+0x1f4aa]
V  [jvm.dll+0x1bd258]
V  [jvm.dll+0x2451a4]
V  [jvm.dll+0x29c18a]
C  [msvcr100.dll+0x21d9f]
C  [msvcr100.dll+0x21e3b]
C  [KERNEL32.DLL+0x12774]
C  [ntdll.dll+0x70d61]


---------------  P R O C E S S  ---------------

Java Threads: ( => current thread )
  0x0000000022ab4000 JavaThread "http-nio-8080-AsyncTimeout" daemon [_thread_blocked, id=7340, stack(0x000000003ca50000,0x000000003cb50000)]
  0x0000000022ab7800 JavaThread "http-nio-8080-Acceptor-0" daemon [_thread_in_native, id=5124, stack(0x000000003c950000,0x000000003ca50000)]
  0x0000000022ab3000 JavaThread "http-nio-8080-ClientPoller-1" daemon [_thread_in_native, id=10936, stack(0x000000003c850000,0x000000003c950000)]
  0x0000000022ab7000 JavaThread "http-nio-8080-ClientPoller-0" daemon [_thread_in_native, id=9968, stack(0x000000003c750000,0x000000003c850000)]
  0x0000000022aba000 JavaThread "http-nio-8080-exec-10" daemon [_thread_blocked, id=3224, stack(0x000000003c650000,0x000000003c750000)]
  0x0000000020dc2800 JavaThread "http-nio-8080-exec-9" daemon [_thread_blocked, id=10944, stack(0x000000003c550000,0x000000003c650000)]
  0x0000000020dc1800 JavaThread "http-nio-8080-exec-8" daemon [_thread_blocked, id=3320, stack(0x000000003c450000,0x000000003c550000)]
  0x0000000020dc1000 JavaThread "http-nio-8080-exec-7" daemon [_thread_blocked, id=8580, stack(0x000000003c350000,0x000000003c450000)]
  0x0000000020db9000 JavaThread "http-nio-8080-exec-6" daemon [_thread_blocked, id=10492, stack(0x000000003c250000,0x000000003c350000)]
  0x0000000020dbe000 JavaThread "http-nio-8080-exec-5" daemon [_thread_blocked, id=5276, stack(0x000000003c150000,0x000000003c250000)]
  0x0000000020dbe800 JavaThread "http-nio-8080-exec-4" daemon [_thread_blocked, id=10496, stack(0x000000003c050000,0x000000003c150000)]
  0x0000000020dbd000 JavaThread "http-nio-8080-exec-3" daemon [_thread_blocked, id=9060, stack(0x000000003bf50000,0x000000003c050000)]
  0x0000000020dc0000 JavaThread "http-nio-8080-exec-2" daemon [_thread_blocked, id=9772, stack(0x000000003be50000,0x000000003bf50000)]
  0x0000000020db6000 JavaThread "http-nio-8080-exec-1" daemon [_thread_blocked, id=5524, stack(0x000000003bd50000,0x000000003be50000)]
  0x0000000020dba800 JavaThread "NioBlockingSelector.BlockPoller-12" daemon [_thread_in_native, id=4032, stack(0x000000003bc50000,0x000000003bd50000)]
  0x0000000020db8800 JavaThread "File Watcher" daemon [_thread_blocked, id=9832, stack(0x000000003bb50000,0x000000003bc50000)]
  0x0000000020db5800 JavaThread "commons-pool-EvictionTimer" daemon [_thread_blocked, id=10924, stack(0x000000003ba50000,0x000000003bb50000)]
  0x0000000020dbc000 JavaThread "Druid-ConnectionPool-Destroy-1653757249" daemon [_thread_blocked, id=10396, stack(0x000000003b850000,0x000000003b950000)]
  0x0000000020db3000 JavaThread "Druid-ConnectionPool-Create-1653757249" daemon [_thread_blocked, id=4620, stack(0x000000003b750000,0x000000003b850000)]
  0x0000000020dba000 JavaThread "container-0" [_thread_blocked, id=11216, stack(0x000000003b650000,0x000000003b750000)]
  0x0000000020db4800 JavaThread "ContainerBackgroundProcessor[StandardEngine[Tomcat]]" daemon [_thread_blocked, id=1068, stack(0x000000003b550000,0x000000003b650000)]
  0x0000000020dbb800 JavaThread "DestroyJavaVM" [_thread_blocked, id=8240, stack(0x00000000027a0000,0x00000000028a0000)]
  0x0000000022ab9000 JavaThread "Live Reload Server" daemon [_thread_in_native, id=9784, stack(0x0000000025380000,0x0000000025480000)]
  0x0000000022790800 JavaThread "Abandoned connection cleanup thread" daemon [_thread_blocked, id=912, stack(0x0000000023a60000,0x0000000023b60000)]
  0x000000001e44a800 JavaThread "Service Thread" daemon [_thread_blocked, id=9564, stack(0x000000001f1a0000,0x000000001f2a0000)]
  0x000000001e42b000 JavaThread "C1 CompilerThread3" daemon [_thread_blocked, id=10200, stack(0x000000001f0a0000,0x000000001f1a0000)]
  0x000000001e426000 JavaThread "C2 CompilerThread2" daemon [_thread_blocked, id=8116, stack(0x000000001efa0000,0x000000001f0a0000)]
  0x000000001e420800 JavaThread "C2 CompilerThread1" daemon [_thread_blocked, id=8664, stack(0x000000001eea0000,0x000000001efa0000)]
  0x000000001e3cf800 JavaThread "C2 CompilerThread0" daemon [_thread_blocked, id=10184, stack(0x000000001eda0000,0x000000001eea0000)]
  0x000000001e3be800 JavaThread "JDWP Command Reader" daemon [_thread_in_native, id=9544, stack(0x000000001eca0000,0x000000001eda0000)]
  0x000000001e3bd800 JavaThread "JDWP Event Helper Thread" daemon [_thread_blocked, id=2192, stack(0x000000001eba0000,0x000000001eca0000)]
=>0x000000001e3ba800 JavaThread "JDWP Transport Listener: dt_socket" daemon [_thread_in_vm, id=9716, stack(0x000000001eaa0000,0x000000001eba0000)]
  0x000000001e3a6000 JavaThread "Attach Listener" daemon [_thread_blocked, id=6100, stack(0x000000001e980000,0x000000001ea80000)]
  0x000000001e3a5000 JavaThread "Signal Dispatcher" daemon [_thread_blocked, id=5568, stack(0x000000001e880000,0x000000001e980000)]
  0x000000001c445800 JavaThread "Finalizer" daemon [_thread_blocked, id=4612, stack(0x000000001e710000,0x000000001e810000)]
  0x000000001c43e800 JavaThread "Reference Handler" daemon [_thread_blocked, id=2724, stack(0x000000001e210000,0x000000001e310000)]

Other Threads:
  0x000000001c436800 VMThread [stack: 0x000000001e110000,0x000000001e210000] [id=8604]
  0x000000001e450800 WatcherThread [stack: 0x000000001f2a0000,0x000000001f3a0000] [id=4592]

VM state:not at safepoint (normal execution)

VM Mutex/Monitor currently owned by a thread: None

Heap:
 PSYoungGen      total 113152K, used 38607K [0x000000076af80000, 0x0000000773700000, 0x00000007c0000000)
  eden space 110080K, 32% used [0x000000076af80000,0x000000076d28ab08,0x0000000771b00000)
  from space 3072K, 88% used [0x0000000772880000,0x0000000772b29160,0x0000000772b80000)
  to   space 10240K, 0% used [0x0000000772d00000,0x0000000772d00000,0x0000000773700000)
 ParOldGen       total 135680K, used 92903K [0x00000006c0e00000, 0x00000006c9280000, 0x000000076af80000)
  object space 135680K, 68% used [0x00000006c0e00000,0x00000006c68b9ee8,0x00000006c9280000)
 Metaspace       used 68358K, capacity 70894K, committed 70912K, reserved 1112064K
  class space    used 8523K, capacity 9200K, committed 9216K, reserved 1048576K

Card table byte_map: [0x0000000011d60000,0x0000000012560000] byte_map_base: 0x000000000e759000

Marking Bits: (ParMarkBitMap*) 0x0000000051b6a6d0
 Begin Bits: [0x00000000132c0000, 0x0000000017288000)
 End Bits:   [0x0000000017288000, 0x000000001b250000)

Polling page: 0x0000000000b20000

CodeCache: size=245760Kb used=27197Kb max_used=27197Kb free=218562Kb
 bounds [0x00000000029a0000, 0x0000000004440000, 0x00000000119a0000]
 total_blobs=13161 nmethods=12348 adapters=731
 compilation: enabled

Compilation events (10 events):
Event: 3941.315 Thread 0x000000001e42b000 12571       1       com.fasterxml.jackson.core.json.UTF8JsonGenerator::_flushBuffer (28 bytes)
Event: 3941.315 Thread 0x000000001e42b000 nmethod 12571 0x00000000044322d0 code [0x0000000004432420, 0x0000000004432588]
Event: 3945.143 Thread 0x000000001e42b000 12572       1       com.alibaba.druid.filter.logging.LogFilter::dataSource_getConnection (74 bytes)
Event: 3945.144 Thread 0x000000001e42b000 nmethod 12572 0x0000000004432610 code [0x0000000004432800, 0x0000000004432e08]
Event: 3945.145 Thread 0x000000001e42b000 12573       1       org.apache.ibatis.executor.resultset.ResultSetWrapper::<init> (190 bytes)
Event: 3945.145 Thread 0x000000001e42b000 nmethod 12573 0x0000000004433490 code [0x00000000044336a0, 0x0000000004433de8]
Event: 3945.149 Thread 0x000000001e42b000 12574       1       org.thymeleaf.dom.NestableAttributeHolderNode::getAttributeValueFromNormalizedName (41 bytes)
Event: 3945.149 Thread 0x000000001e42b000 nmethod 12574 0x0000000004434250 code [0x00000000044343e0, 0x0000000004434638]
Event: 3945.149 Thread 0x000000001e42b000 12575       1       org.thymeleaf.standard.expression.VariableExpression::executeVariable (85 bytes)
Event: 3945.149 Thread 0x000000001e42b000 nmethod 12575 0x0000000004434850 code [0x0000000004434a20, 0x0000000004434e88]

GC Heap History (10 events):
Event: 3896.734 GC heap before
{Heap before GC invocations=129 (full 14):
 PSYoungGen      total 134144K, used 127538K [0x000000076af80000, 0x0000000774a80000, 0x00000007c0000000)
  eden space 122368K, 100% used [0x000000076af80000,0x0000000772700000,0x0000000772700000)
  from space 11776K, 43% used [0x0000000773200000,0x000000077370cb90,0x0000000773d80000)
  to   space 11264K, 0% used [0x0000000772700000,0x0000000772700000,0x0000000773200000)
 ParOldGen       total 135680K, used 79696K [0x00000006c0e00000, 0x00000006c9280000, 0x000000076af80000)
  object space 135680K, 58% used [0x00000006c0e00000,0x00000006c5bd4238,0x00000006c9280000)
 Metaspace       used 67847K, capacity 70230K, committed 70400K, reserved 1110016K
  class space    used 8462K, capacity 9104K, committed 9216K, reserved 1048576K
Event: 3896.738 GC heap after
Heap after GC invocations=129 (full 14):
 PSYoungGen      total 133632K, used 4754K [0x000000076af80000, 0x0000000774a80000, 0x00000007c0000000)
  eden space 122368K, 0% used [0x000000076af80000,0x000000076af80000,0x0000000772700000)
  from space 11264K, 42% used [0x0000000772700000,0x0000000772ba4960,0x0000000773200000)
  to   space 10752K, 0% used [0x0000000774000000,0x0000000774000000,0x0000000774a80000)
 ParOldGen       total 135680K, used 81656K [0x00000006c0e00000, 0x00000006c9280000, 0x000000076af80000)
  object space 135680K, 60% used [0x00000006c0e00000,0x00000006c5dbe248,0x00000006c9280000)
 Metaspace       used 67847K, capacity 70230K, committed 70400K, reserved 1110016K
  class space    used 8462K, capacity 9104K, committed 9216K, reserved 1048576K
}
Event: 3902.220 GC heap before
{Heap before GC invocations=130 (full 14):
 PSYoungGen      total 133632K, used 127122K [0x000000076af80000, 0x0000000774a80000, 0x00000007c0000000)
  eden space 122368K, 100% used [0x000000076af80000,0x0000000772700000,0x0000000772700000)
  from space 11264K, 42% used [0x0000000772700000,0x0000000772ba4960,0x0000000773200000)
  to   space 10752K, 0% used [0x0000000774000000,0x0000000774000000,0x0000000774a80000)
 ParOldGen       total 135680K, used 81656K [0x00000006c0e00000, 0x00000006c9280000, 0x000000076af80000)
  object space 135680K, 60% used [0x00000006c0e00000,0x00000006c5dbe248,0x00000006c9280000)
 Metaspace       used 68011K, capacity 70370K, committed 70656K, reserved 1110016K
  class space    used 8476K, capacity 9106K, committed 9216K, reserved 1048576K
Event: 3902.224 GC heap after
Heap after GC invocations=130 (full 14):
 PSYoungGen      total 122368K, used 2771K [0x000000076af80000, 0x0000000774300000, 0x00000007c0000000)
  eden space 119296K, 0% used [0x000000076af80000,0x000000076af80000,0x0000000772400000)
  from space 3072K, 90% used [0x0000000774000000,0x00000007742b4ca8,0x0000000774300000)
  to   space 10752K, 0% used [0x0000000772e00000,0x0000000772e00000,0x0000000773880000)
 ParOldGen       total 135680K, used 83895K [0x00000006c0e00000, 0x00000006c9280000, 0x000000076af80000)
  object space 135680K, 61% used [0x00000006c0e00000,0x00000006c5fedc60,0x00000006c9280000)
 Metaspace       used 68011K, capacity 70370K, committed 70656K, reserved 1110016K
  class space    used 8476K, capacity 9106K, committed 9216K, reserved 1048576K
}
Event: 3902.986 GC heap before
{Heap before GC invocations=131 (full 14):
 PSYoungGen      total 122368K, used 122067K [0x000000076af80000, 0x0000000774300000, 0x00000007c0000000)
  eden space 119296K, 100% used [0x000000076af80000,0x0000000772400000,0x0000000772400000)
  from space 3072K, 90% used [0x0000000774000000,0x00000007742b4ca8,0x0000000774300000)
  to   space 10752K, 0% used [0x0000000772e00000,0x0000000772e00000,0x0000000773880000)
 ParOldGen       total 135680K, used 83895K [0x00000006c0e00000, 0x00000006c9280000, 0x000000076af80000)
  object space 135680K, 61% used [0x00000006c0e00000,0x00000006c5fedc60,0x00000006c9280000)
 Metaspace       used 68128K, capacity 70472K, committed 70656K, reserved 1110016K
  class space    used 8486K, capacity 9139K, committed 9216K, reserved 1048576K
Event: 3902.990 GC heap after
Heap after GC invocations=131 (full 14):
 PSYoungGen      total 119296K, used 2997K [0x000000076af80000, 0x0000000774080000, 0x00000007c0000000)
  eden space 116224K, 0% used [0x000000076af80000,0x000000076af80000,0x0000000772100000)
  from space 3072K, 97% used [0x0000000772e00000,0x00000007730ed488,0x0000000773100000)
  to   space 10240K, 0% used [0x0000000773680000,0x0000000773680000,0x0000000774080000)
 ParOldGen       total 135680K, used 86026K [0x00000006c0e00000, 0x00000006c9280000, 0x000000076af80000)
  object space 135680K, 63% used [0x00000006c0e00000,0x00000006c6202a68,0x00000006c9280000)
 Metaspace       used 68128K, capacity 70472K, committed 70656K, reserved 1110016K
  class space    used 8486K, capacity 9139K, committed 9216K, reserved 1048576K
}
Event: 3903.683 GC heap before
{Heap before GC invocations=132 (full 14):
 PSYoungGen      total 119296K, used 119221K [0x000000076af80000, 0x0000000774080000, 0x00000007c0000000)
  eden space 116224K, 100% used [0x000000076af80000,0x0000000772100000,0x0000000772100000)
  from space 3072K, 97% used [0x0000000772e00000,0x00000007730ed488,0x0000000773100000)
  to   space 10240K, 0% used [0x0000000773680000,0x0000000773680000,0x0000000774080000)
 ParOldGen       total 135680K, used 86026K [0x00000006c0e00000, 0x00000006c9280000, 0x000000076af80000)
  object space 135680K, 63% used [0x00000006c0e00000,0x00000006c6202a68,0x00000006c9280000)
 Metaspace       used 68150K, capacity 70536K, committed 70656K, reserved 1110016K
  class space    used 8487K, capacity 9139K, committed 9216K, reserved 1048576K
Event: 3903.688 GC heap after
Heap after GC invocations=132 (full 14):
 PSYoungGen      total 119296K, used 6130K [0x000000076af80000, 0x0000000773c80000, 0x00000007c0000000)
  eden space 113152K, 0% used [0x000000076af80000,0x000000076af80000,0x0000000771e00000)
  from space 6144K, 99% used [0x0000000773680000,0x0000000773c7cba8,0x0000000773c80000)
  to   space 10240K, 0% used [0x0000000772880000,0x0000000772880000,0x0000000773280000)
 ParOldGen       total 135680K, used 88391K [0x00000006c0e00000, 0x00000006c9280000, 0x000000076af80000)
  object space 135680K, 65% used [0x00000006c0e00000,0x00000006c6451e78,0x00000006c9280000)
 Metaspace       used 68150K, capacity 70536K, committed 70656K, reserved 1110016K
  class space    used 8487K, capacity 9139K, committed 9216K, reserved 1048576K
}
Event: 3909.730 GC heap before
{Heap before GC invocations=133 (full 14):
 PSYoungGen      total 119296K, used 119282K [0x000000076af80000, 0x0000000773c80000, 0x00000007c0000000)
  eden space 113152K, 100% used [0x000000076af80000,0x0000000771e00000,0x0000000771e00000)
  from space 6144K, 99% used [0x0000000773680000,0x0000000773c7cba8,0x0000000773c80000)
  to   space 10240K, 0% used [0x0000000772880000,0x0000000772880000,0x0000000773280000)
 ParOldGen       total 135680K, used 88391K [0x00000006c0e00000, 0x00000006c9280000, 0x000000076af80000)
  object space 135680K, 65% used [0x00000006c0e00000,0x00000006c6451e78,0x00000006c9280000)
 Metaspace       used 68166K, capacity 70536K, committed 70656K, reserved 1110016K
  class space    used 8489K, capacity 9139K, committed 9216K, reserved 1048576K
Event: 3909.735 GC heap after
Heap after GC invocations=133 (full 14):
 PSYoungGen      total 113152K, used 2724K [0x000000076af80000, 0x0000000773700000, 0x00000007c0000000)
  eden space 110080K, 0% used [0x000000076af80000,0x000000076af80000,0x0000000771b00000)
  from space 3072K, 88% used [0x0000000772880000,0x0000000772b29160,0x0000000772b80000)
  to   space 10240K, 0% used [0x0000000772d00000,0x0000000772d00000,0x0000000773700000)
 ParOldGen       total 135680K, used 92903K [0x00000006c0e00000, 0x00000006c9280000, 0x000000076af80000)
  object space 135680K, 68% used [0x00000006c0e00000,0x00000006c68b9ee8,0x00000006c9280000)
 Metaspace       used 68166K, capacity 70536K, committed 70656K, reserved 1110016K
  class space    used 8489K, capacity 9139K, committed 9216K, reserved 1048576K
}

Deoptimization events (0 events):
No events

Internal exceptions (10 events):
Event: 3912.754 Thread 0x0000000020dbe800 Exception <a 'java/lang/ArrayIndexOutOfBoundsException'> (0x000000076b574380) thrown at [C:\re\workspace\8-2-build-windows-amd64-cygwin\jdk8u101\7261\hotspot\src\share\vm\runtime\sharedRuntime.cpp, line 605]
Event: 3912.754 Thread 0x0000000020dbe800 Exception <a 'java/lang/ArrayIndexOutOfBoundsException'> (0x000000076b576188) thrown at [C:\re\workspace\8-2-build-windows-amd64-cygwin\jdk8u101\7261\hotspot\src\share\vm\runtime\sharedRuntime.cpp, line 605]
Event: 3912.754 Thread 0x0000000020dbe000 Exception <a 'java/lang/ArrayIndexOutOfBoundsException'> (0x000000076b5c8b58) thrown at [C:\re\workspace\8-2-build-windows-amd64-cygwin\jdk8u101\7261\hotspot\src\share\vm\runtime\sharedRuntime.cpp, line 605]
Event: 3912.754 Thread 0x0000000020dbe000 Exception <a 'java/lang/ArrayIndexOutOfBoundsException'> (0x000000076b5ca960) thrown at [C:\re\workspace\8-2-build-windows-amd64-cygwin\jdk8u101\7261\hotspot\src\share\vm\runtime\sharedRuntime.cpp, line 605]
Event: 3916.769 Thread 0x0000000022aba000 Exception <a 'java/lang/ArrayIndexOutOfBoundsException'> (0x000000076b88d0e0) thrown at [C:\re\workspace\8-2-build-windows-amd64-cygwin\jdk8u101\7261\hotspot\src\share\vm\runtime\sharedRuntime.cpp, line 605]
Event: 3916.773 Thread 0x0000000022aba000 Exception <a 'java/lang/ArrayIndexOutOfBoundsException'> (0x000000076b899e68) thrown at [C:\re\workspace\8-2-build-windows-amd64-cygwin\jdk8u101\7261\hotspot\src\share\vm\runtime\sharedRuntime.cpp, line 605]
Event: 3919.363 Thread 0x0000000020dc0000 Exception <a 'java/lang/ClassNotFoundException': com/si/demo/sys/entity/UserRoleBeanInfo> (0x000000076bb6cfc0) thrown at [C:\re\workspace\8-2-build-windows-amd64-cygwin\jdk8u101\7261\hotspot\src\share\vm\classfile\systemDictionary.cpp, line 210]
Event: 3919.364 Thread 0x0000000020dc0000 Exception <a 'java/lang/ClassNotFoundException': com/si/demo/sys/entity/UserRoleCustomizer> (0x000000076bb8b068) thrown at [C:\re\workspace\8-2-build-windows-amd64-cygwin\jdk8u101\7261\hotspot\src\share\vm\classfile\systemDictionary.cpp, line 210]
Event: 3929.238 Thread 0x0000000020dbe000 Exception <a 'java/lang/ArrayIndexOutOfBoundsException'> (0x000000076b61b7d0) thrown at [C:\re\workspace\8-2-build-windows-amd64-cygwin\jdk8u101\7261\hotspot\src\share\vm\runtime\sharedRuntime.cpp, line 605]
Event: 3941.299 Thread 0x0000000020dc1000 Exception <a 'java/lang/ArrayIndexOutOfBoundsException'> (0x000000076b9b57a0) thrown at [C:\re\workspace\8-2-build-windows-amd64-cygwin\jdk8u101\7261\hotspot\src\share\vm\runtime\sharedRuntime.cpp, line 605]

Events (10 events):
Event: 3945.162 Thread 0x0000000020dbd000 DEOPT PACKING pc=0x0000000002f0f0d4 sp=0x000000003c049710
Event: 3945.162 Thread 0x0000000020dbd000 DEOPT UNPACKING pc=0x00000000029e787f sp=0x000000003c049578 mode 1
Event: 3945.162 Thread 0x0000000020dc2800 DEOPT PACKING pc=0x0000000002f41df4 sp=0x000000003c649850
Event: 3945.162 Thread 0x0000000020dc2800 DEOPT UNPACKING pc=0x00000000029e787f sp=0x000000003c6495f0 mode 1
Event: 3945.162 Thread 0x0000000020dc2800 DEOPT PACKING pc=0x0000000002f0f0d4 sp=0x000000003c649920
Event: 3945.162 Thread 0x0000000020dc2800 DEOPT UNPACKING pc=0x00000000029e787f sp=0x000000003c649788 mode 1
Event: 3945.162 Thread 0x0000000020dc2800 DEOPT PACKING pc=0x0000000002f41df4 sp=0x000000003c649650
Event: 3945.162 Thread 0x0000000020dc2800 DEOPT UNPACKING pc=0x00000000029e787f sp=0x000000003c6493f0 mode 1
Event: 3945.162 Thread 0x0000000020dc2800 DEOPT PACKING pc=0x0000000002f0f0d4 sp=0x000000003c649720
Event: 3945.162 Thread 0x0000000020dc2800 DEOPT UNPACKING pc=0x00000000029e787f sp=0x000000003c649588 mode 1


Dynamic libraries:
0x00007ff616e10000 - 0x00007ff616e47000 	D:\work-sort\java\jdk\bin\java.exe
0x00007ffe726c0000 - 0x00007ffe7289b000 	C:\windows\SYSTEM32\ntdll.dll
0x00007ffe70070000 - 0x00007ffe7011e000 	C:\windows\System32\KERNEL32.DLL
0x00007ffe6eca0000 - 0x00007ffe6eee9000 	C:\windows\System32\KERNELBASE.dll
0x00007ffe71d80000 - 0x00007ffe71e21000 	C:\windows\System32\ADVAPI32.dll
0x00007ffe725f0000 - 0x00007ffe7268d000 	C:\windows\System32\msvcrt.dll
0x00007ffe71700000 - 0x00007ffe71759000 	C:\windows\System32\sechost.dll
0x00007ffe6ff40000 - 0x00007ffe70065000 	C:\windows\System32\RPCRT4.dll
0x00007ffe6fc90000 - 0x00007ffe6fdda000 	C:\windows\System32\USER32.dll
0x00007ffe6f2c0000 - 0x00007ffe6f2de000 	C:\windows\System32\win32u.dll
0x00007ffe72690000 - 0x00007ffe726b7000 	C:\windows\System32\GDI32.dll
0x00007ffe6f2e0000 - 0x00007ffe6f469000 	C:\windows\System32\gdi32full.dll
0x00007ffe6f050000 - 0x00007ffe6f0ea000 	C:\windows\System32\msvcp_win.dll
0x00007ffe6eef0000 - 0x00007ffe6efe6000 	C:\windows\System32\ucrtbase.dll
0x00007ffe60180000 - 0x00007ffe603e7000 	C:\windows\WinSxS\amd64_microsoft.windows.common-controls_6595b64144ccf1df_6.0.15063.0_none_108e4f62dfe5d999\COMCTL32.dll
0x00007ffe71a80000 - 0x00007ffe71d79000 	C:\windows\System32\combase.dll
0x00007ffe6ec30000 - 0x00007ffe6ec9a000 	C:\windows\System32\bcryptPrimitives.dll
0x00007ffe718e0000 - 0x00007ffe7190d000 	C:\windows\System32\IMM32.DLL
0x0000000051bf0000 - 0x0000000051cc2000 	D:\work-sort\java\jdk\jre\bin\msvcr100.dll
0x0000000051350000 - 0x0000000051bea000 	D:\work-sort\java\jdk\jre\bin\server\jvm.dll
0x00007ffe6fde0000 - 0x00007ffe6fde8000 	C:\windows\System32\PSAPI.DLL
0x00007ffe5eea0000 - 0x00007ffe5eea9000 	C:\windows\SYSTEM32\WSOCK32.dll
0x00007ffe6cfd0000 - 0x00007ffe6cff3000 	C:\windows\SYSTEM32\WINMM.dll
0x00007ffe71870000 - 0x00007ffe718dc000 	C:\windows\System32\WS2_32.dll
0x00007ffe66e30000 - 0x00007ffe66e3a000 	C:\windows\SYSTEM32\VERSION.dll
0x00007ffe6cb60000 - 0x00007ffe6cb8b000 	C:\windows\SYSTEM32\winmmbase.dll
0x00007ffe6ebe0000 - 0x00007ffe6ec29000 	C:\windows\System32\cfgmgr32.dll
0x0000000051340000 - 0x000000005134f000 	D:\work-sort\java\jdk\jre\bin\verify.dll
0x0000000051310000 - 0x0000000051339000 	D:\work-sort\java\jdk\jre\bin\java.dll
0x0000000051270000 - 0x00000000512a5000 	D:\work-sort\java\jdk\jre\bin\jdwp.dll
0x0000000051260000 - 0x0000000051268000 	D:\work-sort\java\jdk\jre\bin\npt.dll
0x00000000512f0000 - 0x0000000051306000 	D:\work-sort\java\jdk\jre\bin\zip.dll
0x00007ffe702c0000 - 0x00007ffe716f7000 	C:\windows\System32\SHELL32.dll
0x00007ffe72310000 - 0x00007ffe723ba000 	C:\windows\System32\shcore.dll
0x00007ffe6f470000 - 0x00007ffe6fb62000 	C:\windows\System32\windows.storage.dll
0x00007ffe72590000 - 0x00007ffe725e1000 	C:\windows\System32\shlwapi.dll
0x00007ffe6eb50000 - 0x00007ffe6eb61000 	C:\windows\System32\kernel.appcore.dll
0x00007ffe6eb70000 - 0x00007ffe6ebbc000 	C:\windows\System32\powrprof.dll
0x00007ffe6eb30000 - 0x00007ffe6eb45000 	C:\windows\System32\profapi.dll
0x0000000051250000 - 0x0000000051259000 	D:\work-sort\java\jdk\jre\bin\dt_socket.dll
0x00007ffe6e3b0000 - 0x00007ffe6e40c000 	C:\windows\system32\mswsock.dll
0x0000000051240000 - 0x000000005124d000 	D:\work-sort\java\jdk\jre\bin\management.dll
0x00000000512d0000 - 0x00000000512ea000 	D:\work-sort\java\jdk\jre\bin\net.dll
0x00007ffe4eeb0000 - 0x00007ffe4eec6000 	C:\windows\system32\napinsp.dll
0x00007ffe4ea90000 - 0x00007ffe4eaaa000 	C:\windows\system32\pnrpnsp.dll
0x00007ffe6b790000 - 0x00007ffe6b7a8000 	C:\windows\system32\NLAapi.dll
0x00007ffe6e190000 - 0x00007ffe6e234000 	C:\windows\SYSTEM32\DNSAPI.dll
0x00007ffe6fc20000 - 0x00007ffe6fc28000 	C:\windows\System32\NSI.dll
0x00007ffe6e150000 - 0x00007ffe6e187000 	C:\windows\SYSTEM32\IPHLPAPI.DLL
0x00007ffe4f340000 - 0x00007ffe4f34e000 	C:\windows\System32\winrnr.dll
0x00007ffe689d0000 - 0x00007ffe689da000 	C:\Windows\System32\rasadhlp.dll
0x00007ffe69300000 - 0x00007ffe6936b000 	C:\windows\System32\fwpuclnt.dll
0x00007ffe6ea70000 - 0x00007ffe6ea95000 	C:\windows\SYSTEM32\bcrypt.dll
0x00000000512b0000 - 0x00000000512c1000 	D:\work-sort\java\jdk\jre\bin\nio.dll
0x00007ffe6e560000 - 0x00007ffe6e577000 	C:\windows\SYSTEM32\CRYPTSP.dll
0x00007ffe6dfd0000 - 0x00007ffe6e004000 	C:\windows\system32\rsaenh.dll
0x00007ffe6ea30000 - 0x00007ffe6ea59000 	C:\windows\SYSTEM32\USERENV.dll
0x00007ffe6e550000 - 0x00007ffe6e55b000 	C:\windows\SYSTEM32\CRYPTBASE.dll
0x00007ffe6a080000 - 0x00007ffe6a096000 	C:\windows\SYSTEM32\dhcpcsvc6.DLL
0x00007ffe6a060000 - 0x00007ffe6a07a000 	C:\windows\SYSTEM32\dhcpcsvc.DLL
0x0000000051210000 - 0x0000000051234000 	D:\work-sort\java\jdk\jre\bin\sunec.dll
0x0000000051200000 - 0x000000005120b000 	D:\work-sort\java\jdk\jre\bin\sunmscapi.dll
0x00007ffe6f0f0000 - 0x00007ffe6f2b9000 	C:\windows\System32\CRYPT32.dll
0x00007ffe6ebc0000 - 0x00007ffe6ebd1000 	C:\windows\System32\MSASN1.dll
0x00007ffe4d960000 - 0x00007ffe4db09000 	C:\windows\SYSTEM32\dbghelp.dll

VM Arguments:
jvm_args: -agentlib:jdwp=transport=dt_socket,address=127.0.0.1:50418,suspend=y,server=n -XX:TieredStopAtLevel=1 -Xverify:none -Dspring.output.ansi.enabled=always -Dfile.encoding=UTF-8 
java_command: com.si.demo.SidemoApplication
java_class_path (initial): D:\work-sort\java\jdk\jre\lib\charsets.jar;D:\work-sort\java\jdk\jre\lib\deploy.jar;D:\work-sort\java\jdk\jre\lib\ext\access-bridge-64.jar;D:\work-sort\java\jdk\jre\lib\ext\cldrdata.jar;D:\work-sort\java\jdk\jre\lib\ext\dnsns.jar;D:\work-sort\java\jdk\jre\lib\ext\jaccess.jar;D:\work-sort\java\jdk\jre\lib\ext\jfxrt.jar;D:\work-sort\java\jdk\jre\lib\ext\localedata.jar;D:\work-sort\java\jdk\jre\lib\ext\nashorn.jar;D:\work-sort\java\jdk\jre\lib\ext\sunec.jar;D:\work-sort\java\jdk\jre\lib\ext\sunjce_provider.jar;D:\work-sort\java\jdk\jre\lib\ext\sunmscapi.jar;D:\work-sort\java\jdk\jre\lib\ext\sunpkcs11.jar;D:\work-sort\java\jdk\jre\lib\ext\zipfs.jar;D:\work-sort\java\jdk\jre\lib\javaws.jar;D:\work-sort\java\jdk\jre\lib\jce.jar;D:\work-sort\java\jdk\jre\lib\jfr.jar;D:\work-sort\java\jdk\jre\lib\jfxswt.jar;D:\work-sort\java\jdk\jre\lib\jsse.jar;D:\work-sort\java\jdk\jre\lib\management-agent.jar;D:\work-sort\java\jdk\jre\lib\plugin.jar;D:\work-sort\java\jdk\jre\lib\resources.jar;D:\work-sort\java\jdk\jre\lib\rt.jar;D:\Intellij-work\sidemo\target\classes;D:\work-sort\apache-maven-3.0.5\responsy-jar\com\alibaba\druid-spring-boot-starter\1.1.3\druid-spring-boot-starter-1.1.3.jar;D:\work-sort\apache-maven-3.0.5\responsy-jar\com\alibaba\druid\1.1.3\druid-1.1.3.jar;D:\work-sort\java\jdk\lib\jconsole.jar;D:\work-sort\java\jdk\lib\tools.jar;D:\work-sort\apache-maven-3.0.5\responsy-jar\org\springframework\boot\spring-boot-autoconfigure\1.5.7.RELEASE\spring-boot-autoconfigure-1.5.7.RELEASE.jar;D:\work-sort\apache-maven-3.0.5\responsy-jar\org\mybatis\spring\boot\mybatis-spring-boot-starter\1.3.1\mybatis-spring-boot-starter-1.3.1.jar;D:\work-sort\apache-maven-3.0.5\responsy-jar\org\springframework\boot\spring-boot-starter\1.5.7.RELEASE\spring-boot-starter-1.5.7.RELEASE.jar;D:\work-sort\apache-maven-3.0.5\responsy-jar\org\springframework\boot\spring-boot-starter-logging\1.5.7.RELEASE\spring-boot-starter-logging-1.5.7.RELEASE.jar;D:\work-sort\apache-maven-3.0
Launcher Type: SUN_STANDARD

Environment Variables:
JAVA_HOME=D:\work-sort\java\jdk
CLASSPATH=.;D:\work-sort\java\jdk\lib;D:\work-sort\java\jdk\lib\tools.jar
PATH=E:\oracle\product\11.2.0\dbhome_1\bin;D:\work-sort\oracle;C:\ProgramData\Oracle\Java\javapath;C:\windows\system32;C:\windows;C:\windows\System32\Wbem;C:\windows\System32\WindowsPowerShell\v1.0\;D:\work-sort\java\jdk\bin;D:\work-sort\java\jdk\jre\bin;D:\work-sort\SVN\bin;D:\work-sort\git\Git\cmd;C:\Program Files\Microsoft SQL Server\130\Tools\Binn\;C:\Program Files (x86)\Microsoft SQL Server\110\DTS\Binn\;C:\Program Files (x86)\Microsoft SQL Server\120\DTS\Binn\;C:\Program Files (x86)\Microsoft SQL Server\130\DTS\Binn\;C:\Program Files (x86)\Microsoft SQL Server\140\DTS\Binn\;C:\Program Files\Microsoft SQL Server\110\Tools\Binn\;D:\work-sort\node\;C:\Users\Administrator\AppData\Local\Microsoft\WindowsApps;C:\Python27;D:\work-sort\apache-maven-3.0.5\bin;C:\Users\Administrator\AppData\Roaming\npm
USERNAME=Administrator
OS=Windows_NT
PROCESSOR_IDENTIFIER=Intel64 Family 6 Model 158 Stepping 9, GenuineIntel



---------------  S Y S T E M  ---------------

OS: Windows 10.0 , 64 bit Build 15063 (10.0.15063.0)

CPU:total 8 (4 cores per cpu, 2 threads per core) family 6 model 158 stepping 9, cmov, cx8, fxsr, mmx, sse, sse2, sse3, ssse3, sse4.1, sse4.2, popcnt, avx, avx2, aes, clmul, erms, rtm, 3dnowpref, lzcnt, ht, tsc, tscinvbit, bmi1, bmi2, adx

Memory: 4k page, physical 16713368k(10711072k free), swap 18155160k(11428296k free)

vm_info: Java HotSpot(TM) 64-Bit Server VM (25.101-b13) for windows-amd64 JRE (1.8.0_101-b13), built on Jun 22 2016 01:21:29 by "java_re" with MS VC++ 10.0 (VS2010)

time: Tue Oct 10 10:15:35 2017
elapsed time: 3964 seconds (0d 1h 6m 4s)

